C:\USERS\CG02.ADMIN01-PC\DESKTOP\PROYECTO01\PROYECTO01\PROYECTO01\DEBUG\CAMERA.OBJ
C:\USERS\CG02.ADMIN01-PC\DESKTOP\PROYECTO01\PROYECTO01\PROYECTO01\DEBUG\FIGURAS.OBJ
C:\USERS\CG02.ADMIN01-PC\DESKTOP\PROYECTO01\PROYECTO01\PROYECTO01\DEBUG\MAIN_PRAC11NEW.OBJ
C:\USERS\CG02.ADMIN01-PC\DESKTOP\PROYECTO01\PROYECTO01\PROYECTO01\DEBUG\TEXTURE.OBJ
C:\USERS\CG02.ADMIN01-PC\DESKTOP\PROYECTO01\PROYECTO01\PROYECTO01\DEBUG\VC110.PDB
C:\USERS\CG02.ADMIN01-PC\DESKTOP\PROYECTO01\PROYECTO01\DEBUG\PROYECTO01.ILK
C:\USERS\CG02.ADMIN01-PC\DESKTOP\PROYECTO01\PROYECTO01\DEBUG\PROYECTO01.EXE
C:\USERS\CG02.ADMIN01-PC\DESKTOP\PROYECTO01\PROYECTO01\DEBUG\PROYECTO01.PDB
C:\Users\CG02.admin01-PC\Desktop\proyecto01\proyecto01\proyecto01\Debug\Camera.obj
C:\Users\CG02.admin01-PC\Desktop\proyecto01\proyecto01\proyecto01\Debug\figuras.obj
C:\Users\CG02.admin01-PC\Desktop\proyecto01\proyecto01\proyecto01\Debug\main_prac11new.obj
C:\Users\CG02.admin01-PC\Desktop\proyecto01\proyecto01\proyecto01\Debug\texture.obj
C:\Users\CG02.admin01-PC\Desktop\proyecto01\proyecto01\proyecto01\Debug\cl.command.1.tlog
C:\Users\CG02.admin01-PC\Desktop\proyecto01\proyecto01\proyecto01\Debug\CL.read.1.tlog
C:\Users\CG02.admin01-PC\Desktop\proyecto01\proyecto01\proyecto01\Debug\CL.write.1.tlog
C:\Users\CG02.admin01-PC\Desktop\proyecto01\proyecto01\proyecto01\Debug\link-cvtres.read.1.tlog
C:\Users\CG02.admin01-PC\Desktop\proyecto01\proyecto01\proyecto01\Debug\link-cvtres.write.1.tlog
C:\Users\CG02.admin01-PC\Desktop\proyecto01\proyecto01\proyecto01\Debug\link-rc.read.1.tlog
C:\Users\CG02.admin01-PC\Desktop\proyecto01\proyecto01\proyecto01\Debug\link-rc.write.1.tlog
C:\Users\CG02.admin01-PC\Desktop\proyecto01\proyecto01\proyecto01\Debug\link.command.1.tlog
C:\Users\CG02.admin01-PC\Desktop\proyecto01\proyecto01\proyecto01\Debug\link.read.1.tlog
C:\Users\CG02.admin01-PC\Desktop\proyecto01\proyecto01\proyecto01\Debug\link.write.1.tlog
C:\Users\CG02.admin01-PC\Desktop\proyecto01\proyecto01\proyecto01\Debug\vc110.idb
C:\Users\CG02.admin01-PC\Desktop\proyecto01\proyecto01\proyecto01\Debug\vc110.pdb
C:\Users\CG02.admin01-PC\Desktop\proyecto01\proyecto01\Debug\proyecto01.pdb
C:\Users\CG02.admin01-PC\Desktop\proyecto01\proyecto01\Debug\proyecto01.exe
C:\Users\CG02.admin01-PC\Desktop\proyecto01\proyecto01\Debug\proyecto01.ilk
